#
# There is insufficient memory for the Java Runtime Environment to continue.
# Native memory allocation (mmap) failed to map 98566144 bytes for G1 virtual space
# Possible reasons:
#   The system is out of physical RAM or swap space
#   The process is running with CompressedOops enabled, and the Java Heap may be blocking the growth of the native heap
# Possible solutions:
#   Reduce memory load on the system
#   Increase physical memory or swap space
#   Check if swap backing store is full
#   Decrease Java heap size (-Xmx/-Xms)
#   Decrease number of Java threads
#   Decrease Java thread stack sizes (-Xss)
#   Set larger code cache with -XX:ReservedCodeCacheSize=
#   JVM is running with Unscaled Compressed Oops mode in which the Java heap is
#     placed in the first 4GB address space. The Java Heap base address is the
#     maximum limit for the native heap growth. Please use -XX:HeapBaseMinAddress
#     to set the Java Heap base and to place the Java Heap above 4GB virtual address.
# This output file may be truncated or incomplete.
#
#  Out of Memory Error (os_windows.cpp:3559), pid=14756, tid=21576
#
# JRE version:  (17.0.7+7) (build )
# Java VM: OpenJDK 64-Bit Server VM (17.0.7+7, mixed mode, sharing, tiered, compressed oops, compressed class ptrs, g1 gc, windows-amd64)
# No core dump will be written. Minidumps are not enabled by default on client versions of Windows
#

---------------  S U M M A R Y ------------

Command Line: -Dfile.encoding=UTF-8 -XX:+ShowCodeDetailsInExceptionMessages View.TelaRegistrarVendas

Host: Intel(R) Core(TM) i5 CPU       M 430  @ 2.27GHz, 4 cores, 5G,  Windows 11 , 64 bit Build 22000 (10.0.22000.2538)
Time: Fri Nov 24 21:43:28 2023 Hora oficial do Brasil elapsed time: 0.073953 seconds (0d 0h 0m 0s)

---------------  T H R E A D  ---------------

Current thread (0x000002afed49a090):  JavaThread "Unknown thread" [_thread_in_vm, id=21576, stack(0x000000eb59d00000,0x000000eb59e00000)]

Stack: [0x000000eb59d00000,0x000000eb59e00000]
Native frames: (J=compiled Java code, j=interpreted, Vv=VM code, C=native code)
V  [jvm.dll+0x67754a]
V  [jvm.dll+0x834304]
V  [jvm.dll+0x835aae]
V  [jvm.dll+0x836113]
V  [jvm.dll+0x24696f]
V  [jvm.dll+0x6743f9]
V  [jvm.dll+0x668c8a]
V  [jvm.dll+0x3061bb]
V  [jvm.dll+0x30d6a6]
V  [jvm.dll+0x35cece]
V  [jvm.dll+0x35d0ff]
V  [jvm.dll+0x2dd048]
V  [jvm.dll+0x2ddfb4]
V  [jvm.dll+0x8066d1]
V  [jvm.dll+0x36ac91]
V  [jvm.dll+0x7e5cec]
V  [jvm.dll+0x3ed56f]
V  [jvm.dll+0x3ef0a1]
C  [jli.dll+0x528b]
C  [ucrtbase.dll+0x26c0c]
C  [KERNEL32.DLL+0x153e0]
C  [ntdll.dll+0x485b]


---------------  P R O C E S S  ---------------

Threads class SMR info:
_java_thread_list=0x00007ffaf6a47018, length=0, elements={
}

Java Threads: ( => current thread )

Other Threads:
  0x000002afed4e5350 GCTaskThread "GC Thread#0" [stack: 0x000000eb59e00000,0x000000eb59f00000] [id=4892]
  0x000002afed4f1c50 ConcurrentGCThread "G1 Main Marker" [stack: 0x000000eb59f00000,0x000000eb5a000000] [id=6736]
  0x000002afed4f3e10 ConcurrentGCThread "G1 Conc#0" [stack: 0x000000eb5a000000,0x000000eb5a100000] [id=22156]

[error occurred during error reporting (printing all threads), id 0xc0000005, EXCEPTION_ACCESS_VIOLATION (0xc0000005) at pc=0x00007ffaf621daf7]

VM state: not at safepoint (not fully initialized)

VM Mutex/Monitor currently owned by a thread:  ([mutex/lock_event])
[0x000002afed495ee0] Heap_lock - owner thread: 0x000002afed49a090

Heap address: 0x00000000a3200000, size: 1486 MB, Compressed Oops mode: 32-bit

CDS archive(s) mapped at: [0x0000000000000000-0x0000000000000000-0x0000000000000000), size 0, SharedBaseAddress: 0x0000000800000000, ArchiveRelocationMode: 0.
Narrow klass base: 0x0000000000000000, Narrow klass shift: 0, Narrow klass range: 0x0

GC Precious Log:
<Empty>

Heap:
 garbage-first heap   total 0K, used 0K [0x00000000a3200000, 0x0000000100000000)
  region size 1024K, 0 young (0K), 0 survivors (0K)

[error occurred during error reporting (printing heap information), id 0xc0000005, EXCEPTION_ACCESS_VIOLATION (0xc0000005) at pc=0x00007ffaf6600db9]

GC Heap History (0 events):
No events

Dll operation events (1 events):
Event: 0.030 Loaded shared library C:\eclipse\plugins\org.eclipse.justj.openjdk.hotspot.jre.full.win32.x86_64_17.0.7.v20230425-1502\jre\bin\java.dll

Deoptimization events (0 events):
No events

Classes unloaded (0 events):
No events

Classes redefined (0 events):
No events

Internal exceptions (0 events):
No events

VM Operations (0 events):
No events

Events (0 events):
No events


Dynamic libraries:
0x00007ff7740b0000 - 0x00007ff7740be000 	C:\eclipse\plugins\org.eclipse.justj.openjdk.hotspot.jre.full.win32.x86_64_17.0.7.v20230425-1502\jre\bin\javaw.exe
0x00007ffb2d680000 - 0x00007ffb2d889000 	C:\WINDOWS\SYSTEM32\ntdll.dll
0x00007ffb2b540000 - 0x00007ffb2b5fd000 	C:\WINDOWS\System32\KERNEL32.DLL
0x00007ffb2aec0000 - 0x00007ffb2b244000 	C:\WINDOWS\System32\KERNELBASE.dll
0x00007ffb2b250000 - 0x00007ffb2b361000 	C:\WINDOWS\System32\ucrtbase.dll
0x00007ffb22470000 - 0x00007ffb22487000 	C:\eclipse\plugins\org.eclipse.justj.openjdk.hotspot.jre.full.win32.x86_64_17.0.7.v20230425-1502\jre\bin\jli.dll
0x00007ffb2b950000 - 0x00007ffb2bafd000 	C:\WINDOWS\System32\USER32.dll
0x00007ffb2ac30000 - 0x00007ffb2ac56000 	C:\WINDOWS\System32\win32u.dll
0x00007ffb2cf70000 - 0x00007ffb2cf9a000 	C:\WINDOWS\System32\GDI32.dll
0x00007ffb2ab10000 - 0x00007ffb2ac2e000 	C:\WINDOWS\System32\gdi32full.dll
0x00007ffb2b370000 - 0x00007ffb2b40d000 	C:\WINDOWS\System32\msvcp_win.dll
0x00007ffb17b60000 - 0x00007ffb17b79000 	C:\eclipse\plugins\org.eclipse.justj.openjdk.hotspot.jre.full.win32.x86_64_17.0.7.v20230425-1502\jre\bin\VCRUNTIME140.dll
0x00007ffb1a2e0000 - 0x00007ffb1a585000 	C:\WINDOWS\WinSxS\amd64_microsoft.windows.common-controls_6595b64144ccf1df_6.0.22000.120_none_9d947278b86cc467\COMCTL32.dll
0x00007ffb2cfe0000 - 0x00007ffb2d083000 	C:\WINDOWS\System32\msvcrt.dll
0x00007ffb2cfa0000 - 0x00007ffb2cfd1000 	C:\WINDOWS\System32\IMM32.DLL
0x00007ffb22550000 - 0x00007ffb2255c000 	C:\eclipse\plugins\org.eclipse.justj.openjdk.hotspot.jre.full.win32.x86_64_17.0.7.v20230425-1502\jre\bin\vcruntime140_1.dll
0x00007ffb075f0000 - 0x00007ffb07681000 	C:\eclipse\plugins\org.eclipse.justj.openjdk.hotspot.jre.full.win32.x86_64_17.0.7.v20230425-1502\jre\bin\msvcp140.dll
0x00007ffaf5f30000 - 0x00007ffaf6b78000 	C:\eclipse\plugins\org.eclipse.justj.openjdk.hotspot.jre.full.win32.x86_64_17.0.7.v20230425-1502\jre\bin\server\jvm.dll
0x00007ffb2cdc0000 - 0x00007ffb2ce6e000 	C:\WINDOWS\System32\ADVAPI32.dll
0x00007ffb2ced0000 - 0x00007ffb2cf6e000 	C:\WINDOWS\System32\sechost.dll
0x00007ffb2bb00000 - 0x00007ffb2bc21000 	C:\WINDOWS\System32\RPCRT4.dll
0x00007ffb137f0000 - 0x00007ffb137f9000 	C:\WINDOWS\SYSTEM32\WSOCK32.dll
0x00007ffb2b7e0000 - 0x00007ffb2b84f000 	C:\WINDOWS\System32\WS2_32.dll
0x00007ffb26790000 - 0x00007ffb267c3000 	C:\WINDOWS\SYSTEM32\WINMM.dll
0x00007ffb1c620000 - 0x00007ffb1c62a000 	C:\WINDOWS\SYSTEM32\VERSION.dll
0x00007ffb29b80000 - 0x00007ffb29b98000 	C:\WINDOWS\SYSTEM32\kernel.appcore.dll
0x00007ffb224b0000 - 0x00007ffb224ba000 	C:\eclipse\plugins\org.eclipse.justj.openjdk.hotspot.jre.full.win32.x86_64_17.0.7.v20230425-1502\jre\bin\jimage.dll
0x00007ffb1a890000 - 0x00007ffb1aab1000 	C:\WINDOWS\SYSTEM32\DBGHELP.DLL
0x00007ffb1a6f0000 - 0x00007ffb1a721000 	C:\WINDOWS\SYSTEM32\dbgcore.DLL
0x00007ffb2ae40000 - 0x00007ffb2aebf000 	C:\WINDOWS\System32\bcryptPrimitives.dll
0x00007ffb17b30000 - 0x00007ffb17b55000 	C:\eclipse\plugins\org.eclipse.justj.openjdk.hotspot.jre.full.win32.x86_64_17.0.7.v20230425-1502\jre\bin\java.dll

dbghelp: loaded successfully - version: 4.0.5 - missing functions: none
symbol engine: initialized successfully - sym options: 0x614 - pdb path: .;C:\eclipse\plugins\org.eclipse.justj.openjdk.hotspot.jre.full.win32.x86_64_17.0.7.v20230425-1502\jre\bin;C:\WINDOWS\SYSTEM32;C:\WINDOWS\WinSxS\amd64_microsoft.windows.common-controls_6595b64144ccf1df_6.0.22000.120_none_9d947278b86cc467;C:\eclipse\plugins\org.eclipse.justj.openjdk.hotspot.jre.full.win32.x86_64_17.0.7.v20230425-1502\jre\bin\server

VM Arguments:
jvm_args: -Dfile.encoding=UTF-8 -XX:+ShowCodeDetailsInExceptionMessages 
java_command: View.TelaRegistrarVendas
java_class_path (initial): C:\Temp\ws-eclipse\SistemaCaderneta\bin;C:\Users\guilh\Downloads\postgresql-42.6.0.jar;C:\Temp\ws-eclipse\SistemaCaderneta\jgoodies-forms-1.8.0.jar;C:\Temp\ws-eclipse\SistemaCaderneta\miglayout15-swing.jar
Launcher Type: SUN_STANDARD

[Global flags]
     intx CICompilerCount                          = 3                                         {product} {ergonomic}
     uint ConcGCThreads                            = 1                                         {product} {ergonomic}
     uint G1ConcRefinementThreads                  = 4                                         {product} {ergonomic}
   size_t G1HeapRegionSize                         = 1048576                                   {product} {ergonomic}
    uintx GCDrainStackTargetSize                   = 64                                        {product} {ergonomic}
   size_t InitialHeapSize                          = 98566144                                  {product} {ergonomic}
   size_t MarkStackSize                            = 4194304                                   {product} {ergonomic}
   size_t MaxHeapSize                              = 1558183936                                {product} {ergonomic}
   size_t MinHeapDeltaBytes                        = 1048576                                   {product} {ergonomic}
   size_t MinHeapSize                              = 8388608                                   {product} {ergonomic}
    uintx NonNMethodCodeHeapSize                   = 5832780                                {pd product} {ergonomic}
    uintx NonProfiledCodeHeapSize                  = 122912730                              {pd product} {ergonomic}
    uintx ProfiledCodeHeapSize                     = 122912730                              {pd product} {ergonomic}
    uintx ReservedCodeCacheSize                    = 251658240                              {pd product} {ergonomic}
     bool SegmentedCodeCache                       = true                                      {product} {ergonomic}
     bool ShowCodeDetailsInExceptionMessages       = true                                   {manageable} {command line}
   size_t SoftMaxHeapSize                          = 1558183936                             {manageable} {ergonomic}
     bool UseCompressedClassPointers               = true                           {product lp64_product} {ergonomic}
     bool UseCompressedOops                        = true                           {product lp64_product} {ergonomic}
     bool UseG1GC                                  = true                                      {product} {ergonomic}
     bool UseLargePagesIndividualAllocation        = false                                  {pd product} {ergonomic}

Logging:
Log output configuration:
 #0: stdout all=warning uptime,level,tags
 #1: stderr all=off uptime,level,tags

Environment Variables:
PATH=C:/Eclipse/plugins/org.eclipse.justj.openjdk.hotspot.jre.full.win32.x86_64_17.0.9.v20231028-0858/jre/bin/server;C:/Eclipse/plugins/org.eclipse.justj.openjdk.hotspot.jre.full.win32.x86_64_17.0.9.v20231028-0858/jre/bin;C:/Eclipse//plugins/org.eclipse.justj.openjdk.hotspot.jre.full.win32.x86_64_17.0.7.v20230425-1502/jre/bin/server;C:/Eclipse//plugins/org.eclipse.justj.openjdk.hotspot.jre.full.win32.x86_64_17.0.7.v20230425-1502/jre/bin;C:\Program Files\Python38\Scripts\;C:\Program Files\Python38\;C:\Program Files\Common Files\Oracle\Java\javapath;C:\WINDOWS\system32;C:\WINDOWS;C:\WINDOWS\System32\Wbem;C:\WINDOWS\System32\WindowsPowerShell\v1.0\;C:\WINDOWS\System32\OpenSSH\;C:\Program Files\Git\cmd;C:\Program Files\Git LFS;C:\Users\guilh\AppData\Local\Microsoft\WindowsApps;C:\Vs.code\Microsoft VS Code\bin;C:\Program Files (x86)\apache-maven-3.9.5\bin\;;C:\Eclipse;;C:\Eclipse;
USERNAME=Guilherme
OS=Windows_NT
PROCESSOR_IDENTIFIER=Intel64 Family 6 Model 37 Stepping 2, GenuineIntel
TMP=C:\Users\guilh\AppData\Local\Temp
TEMP=C:\Users\guilh\AppData\Local\Temp



---------------  S Y S T E M  ---------------

OS:
 Windows 11 , 64 bit Build 22000 (10.0.22000.2538)
OS uptime: 16 days 9:15 hours

CPU: total 4 (initial active 4) (2 cores per cpu, 2 threads per core) family 6 model 37 stepping 2 microcode 0x11, cx8, cmov, fxsr, ht, mmx, sse, sse2, sse3, ssse3, sse4.1, sse4.2, popcnt, tsc, tscinvbit, clflush

Memory: 4k page, system-wide physical 5941M (409M free)
TotalPageFile size 19153M (AvailPageFile size 23M)
current process WorkingSet (physical memory assigned to process): 10M, peak: 10M
current process commit charge ("private bytes"): 51M, peak: 145M

vm_info: OpenJDK 64-Bit Server VM (17.0.7+7) for windows-amd64 JRE (17.0.7+7), built on Apr 18 2023 22:10:42 by "temurin" with MS VC++ 16.7 (VS2019)

END.
